<?xml version="1.0" encoding="UTF-8"?>
<!-- Generated by org.testng.reporters.JUnitReportReporter -->
<testsuite hostname="Himanshu-Workspace" failures="0" tests="2" name="com.nxtgenai.testcases.RegisterDemo" time="53.055" errors="0" timestamp="2023-06-27T21:27:35 IST" skipped="0">
  <testcase classname="com.nxtgenai.testcases.RegisterDemo" name="registerUser" time="23.191"/>
  <system-out/>
  <testcase classname="com.nxtgenai.testcases.RegisterDemo" name="registerUser" time="29.864"/>
  <system-out/>
</testsuite> <!-- com.nxtgenai.testcases.RegisterDemo -->
