<?xml version="1.0" encoding="UTF-8"?>
<!-- Generated by org.testng.reporters.JUnitReportReporter -->
<testsuite hostname="Himanshu-Workspace" failures="0" tests="2" name="com.nxtgenai.testcases.HandlingMouseEvent" time="3.147" errors="0" timestamp="2023-06-27T21:27:35 IST" skipped="0">
  <testcase classname="com.nxtgenai.testcases.HandlingMouseEvent" name="validateDoubleClickAction" time="0.534"/>
  <system-out/>
  <testcase classname="com.nxtgenai.testcases.HandlingMouseEvent" name="validateAlertPopupOption" time="2.613"/>
  <system-out/>
</testsuite> <!-- com.nxtgenai.testcases.HandlingMouseEvent -->
