<?xml version="1.0" encoding="UTF-8"?>
<!-- Generated by org.testng.reporters.JUnitReportReporter -->
<testsuite hostname="BA-000311890" failures="0" tests="2" name="com.nxtgenai.testcases.HandlingMouseEvents" time="1.475" errors="0" timestamp="2023-06-16T15:52:14 IST" skipped="0">
  <testcase classname="com.nxtgenai.testcases.HandlingMouseEvents" name="validateDoubleClickMe" time="0.255"/>
  <system-out/>
  <testcase classname="com.nxtgenai.testcases.HandlingMouseEvents" name="validateRegistrationFormOption" time="1.220"/>
  <system-out/>
</testsuite> <!-- com.nxtgenai.testcases.HandlingMouseEvents -->
