<?xml version="1.0" encoding="UTF-8"?>
<!-- Generated by org.testng.reporters.JUnitReportReporter -->
<testsuite hostname="Himanshu-Workspace" failures="0" tests="14" name="com.nxtgenai.testcases.ScreenNavigation" time="79.117" errors="0" timestamp="2023-06-27T21:27:36 IST" skipped="0">
  <testcase classname="com.nxtgenai.testcases.ScreenNavigation" name="validatingHomePageNavigation" time="13.656"/>
  <system-out/>
  <testcase classname="com.nxtgenai.testcases.ScreenNavigation" name="validatingSeleniumAutomationCurriculumNavigation" time="8.893"/>
  <system-out/>
  <testcase classname="com.nxtgenai.testcases.ScreenNavigation" name="validatingAutomationToolsCurriculumNavigation" time="3.370"/>
  <system-out/>
  <testcase classname="com.nxtgenai.testcases.ScreenNavigation" name="validatingRegistrationFormNavigation" time="2.621"/>
  <system-out/>
  <testcase classname="com.nxtgenai.testcases.ScreenNavigation" name="validatingAlertPopUpNavigation" time="24.471"/>
  <system-out/>
  <testcase classname="com.nxtgenai.testcases.ScreenNavigation" name="validatingMultipleWindowsNavigation" time="7.714"/>
  <system-out/>
  <testcase classname="com.nxtgenai.testcases.ScreenNavigation" name="validatingWebTableNavigation" time="2.851"/>
  <system-out/>
  <testcase classname="com.nxtgenai.testcases.ScreenNavigation" name="validatingMouseEventNavigation" time="2.330"/>
  <system-out/>
  <testcase classname="com.nxtgenai.testcases.ScreenNavigation" name="validatingProgressBarNavigation" time="2.139"/>
  <system-out/>
  <testcase classname="com.nxtgenai.testcases.ScreenNavigation" name="validatingDynamicTransactionNavigation" time="2.011"/>
  <system-out/>
  <testcase classname="com.nxtgenai.testcases.ScreenNavigation" name="validatingFramesNavigation" time="3.472"/>
  <system-out/>
  <testcase classname="com.nxtgenai.testcases.ScreenNavigation" name="validatingTechTalkNavigation" time="1.880"/>
  <system-out/>
  <testcase classname="com.nxtgenai.testcases.ScreenNavigation" name="validatingTestimonialsNavigation" time="1.946"/>
  <system-out/>
  <testcase classname="com.nxtgenai.testcases.ScreenNavigation" name="validatingPythonForAutomationNavigation" time="1.763"/>
  <system-out/>
</testsuite> <!-- com.nxtgenai.testcases.ScreenNavigation -->
