<?xml version="1.0" encoding="UTF-8"?>
<!-- Generated by org.testng.reporters.JUnitReportReporter -->
<testsuite hostname="Himanshu-Workspace" failures="0" tests="3" name="com.nxtgenai.testcases.HandlingMultipleWindows" time="20.049" errors="0" timestamp="2023-06-27T21:27:35 IST" skipped="0">
  <testcase classname="com.nxtgenai.testcases.HandlingMultipleWindows" name="handlingMultipleBrowsers" time="7.540"/>
  <system-out/>
  <testcase classname="com.nxtgenai.testcases.HandlingMultipleWindows" name="handlingMultipleTabs" time="7.290"/>
  <system-out/>
  <testcase classname="com.nxtgenai.testcases.HandlingMultipleWindows" name="handlingMultipleMessageWindow" time="5.219"/>
  <system-out/>
</testsuite> <!-- com.nxtgenai.testcases.HandlingMultipleWindows -->
