<?xml version="1.0" encoding="UTF-8"?>
<!-- Generated by org.testng.reporters.JUnitReportReporter -->
<testsuite hostname="Himanshu-Workspace" failures="0" tests="3" name="com.nxtgenai.testcases.HandlingPopUp" time="2.265" errors="0" timestamp="2023-06-27T21:27:35 IST" skipped="0">
  <testcase classname="com.nxtgenai.testcases.HandlingPopUp" name="validateAlertPopUp" time="1.766"/>
  <system-out/>
  <testcase classname="com.nxtgenai.testcases.HandlingPopUp" name="validateConfirmAlertPopUp" time="0.250"/>
  <system-out/>
  <testcase classname="com.nxtgenai.testcases.HandlingPopUp" name="validatePromptAlertPopUp" time="0.249"/>
  <system-out/>
</testsuite> <!-- com.nxtgenai.testcases.HandlingPopUp -->
